<?xml version="1.0" encoding="UTF-8"?>
<testng-results ignored="0" total="3" passed="3" failed="0" skipped="0">
  <reporter-output>
  </reporter-output>
  <suite started-at="2025-06-21T14:46:27 IST" name="EcommerceAutomationSuite" finished-at="2025-06-21T14:49:05 IST" duration-ms="157349">
    <groups>
    </groups>
    <test started-at="2025-06-21T14:46:27 IST" name="MultipleProductFlow" finished-at="2025-06-21T14:49:05 IST" duration-ms="157349">
      <class name="testClasses.MultipleProductJourneyFlow">
        <test-method is-config="true" signature="Reporting()[pri:0, instance:testClasses.MultipleProductJourneyFlow@42a48628]" started-at="2025-06-21T14:46:27 IST" name="Reporting" finished-at="2025-06-21T14:46:27 IST" duration-ms="266" status="PASS">
          <reporter-output>
          </reporter-output>
        </test-method> <!-- Reporting -->
        <test-method is-config="true" signature="Setup(java.lang.reflect.Method)[pri:0, instance:testClasses.MultipleProductJourneyFlow@42a48628]" started-at="2025-06-21T14:46:28 IST" name="Setup" finished-at="2025-06-21T14:46:35 IST" duration-ms="6897" status="PASS">
          <params>
            <param index="0">
              <value>
                <![CDATA[public void testClasses.MultipleProductJourneyFlow.ProductCatalogue(java.lang.String,java.lang.String,java.lang.String,java.lang.String,java.lang.String,java.lang.String,java.lang.String,java.lang.String)]]>
              </value>
            </param>
          </params>
          <reporter-output>
          </reporter-output>
        </test-method> <!-- Setup -->
        <test-method signature="ProductCatalogue(java.lang.String,java.lang.String,java.lang.String,java.lang.String,java.lang.String,java.lang.String,java.lang.String,java.lang.String)[pri:0, instance:testClasses.MultipleProductJourneyFlow@42a48628]" started-at="2025-06-21T14:46:35 IST" name="ProductCatalogue" data-provider="sqlData" finished-at="2025-06-21T14:47:40 IST" duration-ms="65354" status="PASS">
          <params>
            <param index="0">
              <value>
                <![CDATA[Dhoni23@gmail.com]]>
              </value>
            </param>
            <param index="1">
              <value>
                <![CDATA[abc@123]]>
              </value>
            </param>
            <param index="2">
              <value>
                <![CDATA[Rust Red Linen Saree]]>
              </value>
            </param>
            <param index="3">
              <value>
                <![CDATA[Thala]]>
              </value>
            </param>
            <param index="4">
              <value>
                <![CDATA[12347]]>
              </value>
            </param>
            <param index="5">
              <value>
                <![CDATA[777]]>
              </value>
            </param>
            <param index="6">
              <value>
                <![CDATA[10]]>
              </value>
            </param>
            <param index="7">
              <value>
                <![CDATA[2030]]>
              </value>
            </param>
          </params>
          <reporter-output>
          </reporter-output>
        </test-method> <!-- ProductCatalogue -->
        <test-method is-config="true" signature="tearDown(org.testng.ITestResult)[pri:0, instance:testClasses.MultipleProductJourneyFlow@42a48628]" started-at="2025-06-21T14:47:40 IST" name="tearDown" finished-at="2025-06-21T14:47:40 IST" duration-ms="266" status="PASS">
          <params>
            <param index="0">
              <value>
                <![CDATA[[TestResult name=ProductCatalogue status=SUCCESS method=MultipleProductJourneyFlow.ProductCatalogue(java.lang.String,java.lang.String,java.lang.String,java.lang.String,java.lang.String,java.lang.String,java.lang.String,java.lang.String)[pri:0, instance:testClasses.MultipleProductJourneyFlow@42a48628] output={null}]]]>
              </value>
            </param>
          </params>
          <reporter-output>
          </reporter-output>
        </test-method> <!-- tearDown -->
        <test-method is-config="true" signature="Setup(java.lang.reflect.Method)[pri:0, instance:testClasses.MultipleProductJourneyFlow@42a48628]" started-at="2025-06-21T14:47:40 IST" name="Setup" finished-at="2025-06-21T14:47:45 IST" duration-ms="4185" status="PASS">
          <params>
            <param index="0">
              <value>
                <![CDATA[public void testClasses.MultipleProductJourneyFlow.ProductCatalogue(java.lang.String,java.lang.String,java.lang.String,java.lang.String,java.lang.String,java.lang.String,java.lang.String,java.lang.String)]]>
              </value>
            </param>
          </params>
          <reporter-output>
          </reporter-output>
        </test-method> <!-- Setup -->
        <test-method signature="ProductCatalogue(java.lang.String,java.lang.String,java.lang.String,java.lang.String,java.lang.String,java.lang.String,java.lang.String,java.lang.String)[pri:0, instance:testClasses.MultipleProductJourneyFlow@42a48628]" started-at="2025-06-21T14:47:45 IST" name="ProductCatalogue" data-provider="sqlData" finished-at="2025-06-21T14:48:22 IST" duration-ms="37559" status="PASS">
          <params>
            <param index="0">
              <value>
                <![CDATA[Dhoni23@gmail.com]]>
              </value>
            </param>
            <param index="1">
              <value>
                <![CDATA[abc@123]]>
              </value>
            </param>
            <param index="2">
              <value>
                <![CDATA[Rust Red Linen Saree]]>
              </value>
            </param>
            <param index="3">
              <value>
                <![CDATA[Thala]]>
              </value>
            </param>
            <param index="4">
              <value>
                <![CDATA[12347]]>
              </value>
            </param>
            <param index="5">
              <value>
                <![CDATA[777]]>
              </value>
            </param>
            <param index="6">
              <value>
                <![CDATA[10]]>
              </value>
            </param>
            <param index="7">
              <value>
                <![CDATA[2030]]>
              </value>
            </param>
          </params>
          <reporter-output>
          </reporter-output>
        </test-method> <!-- ProductCatalogue -->
        <test-method is-config="true" signature="tearDown(org.testng.ITestResult)[pri:0, instance:testClasses.MultipleProductJourneyFlow@42a48628]" started-at="2025-06-21T14:48:22 IST" name="tearDown" finished-at="2025-06-21T14:48:22 IST" duration-ms="230" status="PASS">
          <params>
            <param index="0">
              <value>
                <![CDATA[[TestResult name=ProductCatalogue status=SUCCESS method=MultipleProductJourneyFlow.ProductCatalogue(java.lang.String,java.lang.String,java.lang.String,java.lang.String,java.lang.String,java.lang.String,java.lang.String,java.lang.String)[pri:0, instance:testClasses.MultipleProductJourneyFlow@42a48628] output={null}]]]>
              </value>
            </param>
          </params>
          <reporter-output>
          </reporter-output>
        </test-method> <!-- tearDown -->
        <test-method is-config="true" signature="Setup(java.lang.reflect.Method)[pri:0, instance:testClasses.MultipleProductJourneyFlow@42a48628]" started-at="2025-06-21T14:48:22 IST" name="Setup" finished-at="2025-06-21T14:48:26 IST" duration-ms="3911" status="PASS">
          <params>
            <param index="0">
              <value>
                <![CDATA[public void testClasses.MultipleProductJourneyFlow.ProductCatalogue(java.lang.String,java.lang.String,java.lang.String,java.lang.String,java.lang.String,java.lang.String,java.lang.String,java.lang.String)]]>
              </value>
            </param>
          </params>
          <reporter-output>
          </reporter-output>
        </test-method> <!-- Setup -->
        <test-method signature="ProductCatalogue(java.lang.String,java.lang.String,java.lang.String,java.lang.String,java.lang.String,java.lang.String,java.lang.String,java.lang.String)[pri:0, instance:testClasses.MultipleProductJourneyFlow@42a48628]" started-at="2025-06-21T14:48:26 IST" name="ProductCatalogue" data-provider="sqlData" finished-at="2025-06-21T14:49:04 IST" duration-ms="38168" status="PASS">
          <params>
            <param index="0">
              <value>
                <![CDATA[Dhoni23@gmail.com]]>
              </value>
            </param>
            <param index="1">
              <value>
                <![CDATA[abc@123]]>
              </value>
            </param>
            <param index="2">
              <value>
                <![CDATA[Rust Red Linen Saree]]>
              </value>
            </param>
            <param index="3">
              <value>
                <![CDATA[Thala]]>
              </value>
            </param>
            <param index="4">
              <value>
                <![CDATA[9999]]>
              </value>
            </param>
            <param index="5">
              <value>
                <![CDATA[999]]>
              </value>
            </param>
            <param index="6">
              <value>
                <![CDATA[9]]>
              </value>
            </param>
            <param index="7">
              <value>
                <![CDATA[2099]]>
              </value>
            </param>
          </params>
          <reporter-output>
          </reporter-output>
        </test-method> <!-- ProductCatalogue -->
        <test-method is-config="true" signature="tearDown(org.testng.ITestResult)[pri:0, instance:testClasses.MultipleProductJourneyFlow@42a48628]" started-at="2025-06-21T14:49:04 IST" name="tearDown" finished-at="2025-06-21T14:49:05 IST" duration-ms="282" status="PASS">
          <params>
            <param index="0">
              <value>
                <![CDATA[[TestResult name=ProductCatalogue status=SUCCESS method=MultipleProductJourneyFlow.ProductCatalogue(java.lang.String,java.lang.String,java.lang.String,java.lang.String,java.lang.String,java.lang.String,java.lang.String,java.lang.String)[pri:0, instance:testClasses.MultipleProductJourneyFlow@42a48628] output={null}]]]>
              </value>
            </param>
          </params>
          <reporter-output>
          </reporter-output>
        </test-method> <!-- tearDown -->
        <test-method is-config="true" signature="flushReport()[pri:0, instance:testClasses.MultipleProductJourneyFlow@42a48628]" started-at="2025-06-21T14:49:05 IST" name="flushReport" finished-at="2025-06-21T14:49:05 IST" duration-ms="313" status="PASS">
          <reporter-output>
          </reporter-output>
        </test-method> <!-- flushReport -->
      </class> <!-- testClasses.MultipleProductJourneyFlow -->
    </test> <!-- MultipleProductFlow -->
  </suite> <!-- EcommerceAutomationSuite -->
</testng-results>
