<?xml version="1.0" encoding="UTF-8"?>
<!-- Generated by org.testng.reporters.JUnitXMLReporter -->
<testsuite ignored="0" hostname="Gajjar-PC" failures="0" tests="3" name="MultipleProductFlow" time="157.349" errors="0" timestamp="2025-06-21T14:49:05 IST">
  <testcase classname="testClasses.MultipleProductJourneyFlow" name="ProductCatalogue" time="65.354"/>
  <testcase classname="testClasses.MultipleProductJourneyFlow" name="ProductCatalogue" time="37.559"/>
  <testcase classname="testClasses.MultipleProductJourneyFlow" name="ProductCatalogue" time="38.168"/>
</testsuite> <!-- MultipleProductFlow -->
