<?xml version="1.0" encoding="UTF-8"?>
<!-- Generated by org.testng.reporters.JUnitXMLReporter -->
<testsuite ignored="0" hostname="Gajjar-PC" failures="0" tests="3" name="MultipleProductFlow" time="98.881" errors="0" timestamp="2025-06-21T18:15:20 IST">
  <testcase classname="testClasses.MultipleProductJourneyFlow" name="ProductCatalogue" time="33.032"/>
  <testcase classname="testClasses.MultipleProductJourneyFlow" name="ProductCatalogue" time="26.358"/>
  <testcase classname="testClasses.MultipleProductJourneyFlow" name="ProductCatalogue" time="28.254"/>
</testsuite> <!-- MultipleProductFlow -->
