<?xml version="1.0" encoding="UTF-8"?>
<!-- Generated by org.testng.reporters.JUnitXMLReporter -->
<testsuite ignored="0" hostname="Gajjar-PC" failures="0" tests="3" name="SingleProductFlow" time="76.126" errors="0" timestamp="2025-06-15T18:09:42 IST">
  <testcase classname="testClasses.ProductJourneyFlow" name="ProductCatalogue" time="24.569"/>
  <testcase classname="testClasses.ProductJourneyFlow" name="ProductCatalogue" time="22.522"/>
  <testcase classname="testClasses.ProductJourneyFlow" name="ProductCatalogue" time="18.684"/>
</testsuite> <!-- SingleProductFlow -->
